<?xml version="1.0" encoding="UTF-8"?>
<testsuite xmlns:xsi="http://www.w3.org/2001/XMLSchema-instance" xsi:noNamespaceSchemaLocation="https://maven.apache.org/surefire/maven-surefire-plugin/xsd/surefire-test-report.xsd" name="org.example.CalcTest" time="0.009" tests="2" errors="0" skipped="0" failures="1">
  <properties>
    <property name="socksProxyHost" value="127.0.0.1"/>
    <property name="http.proxyHost" value="127.0.0.1"/>
    <property name="java.specification.version" value="18"/>
    <property name="sun.jnu.encoding" value="UTF-8"/>
    <property name="java.class.path" value="/Users/0x1317df0/tut4/tutorial4/target/test-classes:/Users/0x1317df0/tut4/tutorial4/target/classes:/usr/local/maven/apache-maven-3.8.5/localRepository/org/junit/jupiter/junit-jupiter-engine/5.4.0/junit-jupiter-engine-5.4.0.jar:/usr/local/maven/apache-maven-3.8.5/localRepository/org/apiguardian/apiguardian-api/1.0.0/apiguardian-api-1.0.0.jar:/usr/local/maven/apache-maven-3.8.5/localRepository/org/junit/platform/junit-platform-engine/1.4.0/junit-platform-engine-1.4.0.jar:/usr/local/maven/apache-maven-3.8.5/localRepository/org/opentest4j/opentest4j/1.1.1/opentest4j-1.1.1.jar:/usr/local/maven/apache-maven-3.8.5/localRepository/org/junit/platform/junit-platform-commons/1.4.0/junit-platform-commons-1.4.0.jar:/usr/local/maven/apache-maven-3.8.5/localRepository/org/junit/jupiter/junit-jupiter-api/5.4.0/junit-jupiter-api-5.4.0.jar:/usr/local/maven/apache-maven-3.8.5/localRepository/org/junit/jupiter/junit-jupiter/5.9.1/junit-jupiter-5.9.1.jar:/usr/local/maven/apache-maven-3.8.5/localRepository/org/junit/jupiter/junit-jupiter-params/5.9.1/junit-jupiter-params-5.9.1.jar:"/>
    <property name="https.proxyPort" value="7890"/>
    <property name="java.vm.vendor" value="Oracle Corporation"/>
    <property name="sun.arch.data.model" value="64"/>
    <property name="java.vendor.url" value="https://java.oracle.com/"/>
    <property name="os.name" value="Mac OS X"/>
    <property name="java.vm.specification.version" value="18"/>
    <property name="sun.java.launcher" value="SUN_STANDARD"/>
    <property name="user.country" value="CN"/>
    <property name="sun.boot.library.path" value="/Users/0x1317df0/Library/Java/JavaVirtualMachines/openjdk-18/Contents/Home/lib"/>
    <property name="sun.java.command" value="/Users/0x1317df0/tut4/tutorial4/target/surefire/surefirebooter7715409842751885375.jar /Users/0x1317df0/tut4/tutorial4/target/surefire 2022-10-06T18-11-01_119-jvmRun1 surefire9106717825999167616tmp surefire_018259442792730897463tmp"/>
    <property name="http.nonProxyHosts" value="192.168.0.0/16|*.192.168.0.0/16|10.0.0.0/8|*.10.0.0.0/8|172.16.0.0/12|*.172.16.0.0/12|127.0.0.1|localhost|*.localhost|local|*.local|timestamp.apple.com|*.timestamp.apple.com"/>
    <property name="jdk.debug" value="release"/>
    <property name="surefire.test.class.path" value="/Users/0x1317df0/tut4/tutorial4/target/test-classes:/Users/0x1317df0/tut4/tutorial4/target/classes:/usr/local/maven/apache-maven-3.8.5/localRepository/org/junit/jupiter/junit-jupiter-engine/5.4.0/junit-jupiter-engine-5.4.0.jar:/usr/local/maven/apache-maven-3.8.5/localRepository/org/apiguardian/apiguardian-api/1.0.0/apiguardian-api-1.0.0.jar:/usr/local/maven/apache-maven-3.8.5/localRepository/org/junit/platform/junit-platform-engine/1.4.0/junit-platform-engine-1.4.0.jar:/usr/local/maven/apache-maven-3.8.5/localRepository/org/opentest4j/opentest4j/1.1.1/opentest4j-1.1.1.jar:/usr/local/maven/apache-maven-3.8.5/localRepository/org/junit/platform/junit-platform-commons/1.4.0/junit-platform-commons-1.4.0.jar:/usr/local/maven/apache-maven-3.8.5/localRepository/org/junit/jupiter/junit-jupiter-api/5.4.0/junit-jupiter-api-5.4.0.jar:/usr/local/maven/apache-maven-3.8.5/localRepository/org/junit/jupiter/junit-jupiter/5.9.1/junit-jupiter-5.9.1.jar:/usr/local/maven/apache-maven-3.8.5/localRepository/org/junit/jupiter/junit-jupiter-params/5.9.1/junit-jupiter-params-5.9.1.jar:"/>
    <property name="sun.cpu.endian" value="little"/>
    <property name="user.home" value="/Users/0x1317df0"/>
    <property name="user.language" value="zh"/>
    <property name="java.specification.vendor" value="Oracle Corporation"/>
    <property name="java.version.date" value="2022-03-22"/>
    <property name="java.home" value="/Users/0x1317df0/Library/Java/JavaVirtualMachines/openjdk-18/Contents/Home"/>
    <property name="file.separator" value="/"/>
    <property name="https.proxyHost" value="127.0.0.1"/>
    <property name="basedir" value="/Users/0x1317df0/tut4/tutorial4"/>
    <property name="java.vm.compressedOopsMode" value="Zero based"/>
    <property name="line.separator" value="&#10;"/>
    <property name="java.vm.specification.vendor" value="Oracle Corporation"/>
    <property name="java.specification.name" value="Java Platform API Specification"/>
    <property name="apple.awt.application.name" value="ForkedBooter"/>
    <property name="surefire.real.class.path" value="/Users/0x1317df0/tut4/tutorial4/target/surefire/surefirebooter7715409842751885375.jar"/>
    <property name="user.script" value="Hans"/>
    <property name="sun.management.compiler" value="HotSpot 64-Bit Tiered Compilers"/>
    <property name="ftp.nonProxyHosts" value="192.168.0.0/16|*.192.168.0.0/16|10.0.0.0/8|*.10.0.0.0/8|172.16.0.0/12|*.172.16.0.0/12|127.0.0.1|localhost|*.localhost|local|*.local|timestamp.apple.com|*.timestamp.apple.com"/>
    <property name="java.runtime.version" value="18+36-2087"/>
    <property name="user.name" value="0x1317df0"/>
    <property name="path.separator" value=":"/>
    <property name="os.version" value="12.6"/>
    <property name="java.runtime.name" value="OpenJDK Runtime Environment"/>
    <property name="file.encoding" value="UTF-8"/>
    <property name="java.vm.name" value="OpenJDK 64-Bit Server VM"/>
    <property name="localRepository" value="/usr/local/maven/apache-maven-3.8.5/localRepository"/>
    <property name="java.vendor.url.bug" value="https://bugreport.java.com/bugreport/"/>
    <property name="java.io.tmpdir" value="/var/folders/08/72f50jq51_j4g484zv4622z00000gn/T/"/>
    <property name="java.version" value="18"/>
    <property name="user.dir" value="/Users/0x1317df0/tut4/tutorial4"/>
    <property name="os.arch" value="aarch64"/>
    <property name="socksProxyPort" value="7890"/>
    <property name="java.vm.specification.name" value="Java Virtual Machine Specification"/>
    <property name="native.encoding" value="UTF-8"/>
    <property name="java.library.path" value="/Users/0x1317df0/Library/Java/Extensions:/Library/Java/Extensions:/Network/Library/Java/Extensions:/System/Library/Java/Extensions:/usr/lib/java:."/>
    <property name="java.vm.info" value="mixed mode, sharing"/>
    <property name="java.vendor" value="Oracle Corporation"/>
    <property name="java.vm.version" value="18+36-2087"/>
    <property name="sun.io.unicode.encoding" value="UnicodeBig"/>
    <property name="socksNonProxyHosts" value="192.168.0.0/16|*.192.168.0.0/16|10.0.0.0/8|*.10.0.0.0/8|172.16.0.0/12|*.172.16.0.0/12|127.0.0.1|localhost|*.localhost|local|*.local|timestamp.apple.com|*.timestamp.apple.com"/>
    <property name="java.class.version" value="62.0"/>
    <property name="http.proxyPort" value="7890"/>
  </properties>
  <testcase name="testSubtract" classname="org.example.CalcTest" time="0.007">
    <failure message="expected: &lt;2&gt; but was: &lt;6&gt;" type="org.opentest4j.AssertionFailedError"><![CDATA[org.opentest4j.AssertionFailedError: expected: <2> but was: <6>
	at org.example.CalcTest.testSubtract(CalcTest.java:15)
]]></failure>
  </testcase>
  <testcase name="testAddition" classname="org.example.CalcTest" time="0"/>
</testsuite>